  sample.cpp
c:\users\steven\documents\school\cs\cs450\final\samplefreeglut\sample.cpp(233): warning C4838: conversion from 'double' to 'float' requires a narrowing conversion
c:\users\steven\documents\school\cs\cs450\final\samplefreeglut\sample.cpp(233): warning C4305: 'initializing': truncation from 'double' to 'float'
c:\users\steven\documents\school\cs\cs450\final\samplefreeglut\sample.cpp(234): warning C4838: conversion from 'double' to 'float' requires a narrowing conversion
c:\users\steven\documents\school\cs\cs450\final\samplefreeglut\sample.cpp(234): warning C4305: 'initializing': truncation from 'double' to 'float'
c:\users\steven\documents\school\cs\cs450\final\samplefreeglut\sample.cpp(515): warning C4244: 'initializing': conversion from 'double' to 'float', possible loss of data
c:\users\steven\documents\school\cs\cs450\final\samplefreeglut\sample.cpp(516): warning C4244: 'initializing': conversion from 'double' to 'float', possible loss of data
c:\users\steven\documents\school\cs\cs450\final\samplefreeglut\sample.cpp(517): warning C4244: 'initializing': conversion from 'double' to 'float', possible loss of data
c:\users\steven\documents\school\cs\cs450\final\samplefreeglut\sample.cpp(520): warning C4244: 'initializing': conversion from 'double' to 'float', possible loss of data
c:\users\steven\documents\school\cs\cs450\final\samplefreeglut\sample.cpp(521): warning C4244: 'initializing': conversion from 'double' to 'float', possible loss of data
c:\users\steven\documents\school\cs\cs450\final\samplefreeglut\sample.cpp(522): warning C4244: 'initializing': conversion from 'double' to 'float', possible loss of data
c:\users\steven\documents\school\cs\cs450\final\samplefreeglut\sample.cpp(537): warning C4244: '=': conversion from 'double' to 'float', possible loss of data
c:\users\steven\documents\school\cs\cs450\final\samplefreeglut\sample.cpp(538): warning C4244: '=': conversion from 'double' to 'float', possible loss of data
c:\users\steven\documents\school\cs\cs450\final\samplefreeglut\sample.cpp(876): warning C4244: 'argument': conversion from 'double' to 'GLfloat', possible loss of data
c:\users\steven\documents\school\cs\cs450\final\samplefreeglut\sample.cpp(883): warning C4244: '=': conversion from 'double' to 'float', possible loss of data
c:\users\steven\documents\school\cs\cs450\final\samplefreeglut\sample.cpp(884): warning C4244: '=': conversion from 'double' to 'float', possible loss of data
c:\users\steven\documents\school\cs\cs450\final\samplefreeglut\sample.cpp(898): warning C4244: 'argument': conversion from 'double' to 'GLfloat', possible loss of data
c:\users\steven\documents\school\cs\cs450\final\samplefreeglut\sample.cpp(900): warning C4244: 'argument': conversion from 'double' to 'GLfloat', possible loss of data
c:\users\steven\documents\school\cs\cs450\final\samplefreeglut\sample.cpp(914): warning C4305: 'argument': truncation from 'double' to 'GLfloat'
c:\users\steven\documents\school\cs\cs450\final\samplefreeglut\sample.cpp(915): warning C4244: 'argument': conversion from 'double' to 'GLfloat', possible loss of data
c:\users\steven\documents\school\cs\cs450\final\samplefreeglut\sample.cpp(925): warning C4305: 'argument': truncation from 'double' to 'GLfloat'
c:\users\steven\documents\school\cs\cs450\final\samplefreeglut\sample.cpp(935): warning C4305: 'argument': truncation from 'double' to 'GLfloat'
c:\users\steven\documents\school\cs\cs450\final\samplefreeglut\sample.cpp(969): warning C4244: 'argument': conversion from 'double' to 'GLfloat', possible loss of data
c:\users\steven\documents\school\cs\cs450\final\samplefreeglut\sample.cpp(971): warning C4244: 'argument': conversion from 'double' to 'GLfloat', possible loss of data
c:\users\steven\documents\school\cs\cs450\final\samplefreeglut\sample.cpp(1698): warning C4244: 'initializing': conversion from 'double' to 'float', possible loss of data
sample.obj : warning LNK4075: ignoring '/EDITANDCONTINUE' due to '/OPT:LBR' specification
  Sample.vcxproj -> C:\Users\Steven\Documents\school\CS\CS450\Final\SampleFreeGlut\.\Debug\Sample.exe
