z:\cs553\samplew\debug\sample.obj
z:\cs553\samplew\debug\vc100.pdb
z:\cs553~1\samplew\debug\sample.obj
z:\cs553~1\samplew\debug\vc100.pdb
k:\cs550\sample\debug\sample.obj
k:\cs550\sample\debug\vc100.pdb
k:\cs550\samplefreeglut\debug\sample.obj
k:\cs550\samplefreeglut\debug\vc100.pdb
z:\cs553\samplew\debug\sample.exe
z:\cs553\samplew\debug\sample.exe.intermediate.manifest
z:\cs553\samplew\debug\sample.pdb
z:\cs553~1\samplew\debug\sample.exe
z:\cs553~1\samplew\debug\sample.exe.intermediate.manifest
z:\cs553~1\samplew\debug\sample.pdb
k:\cs550\sample\debug\sample.exe
k:\cs550\sample\debug\sample.exe.intermediate.manifest
k:\cs550\sample\debug\sample.pdb
k:\cs550\samplefreeglut\debug\sample.exe
k:\cs550\samplefreeglut\debug\sample.exe.intermediate.manifest
k:\cs550\samplefreeglut\debug\sample.pdb
c:\users\steven\downloads\sample\samplefreeglut\debug\vc140.pdb
c:\users\steven\downloads\sample\samplefreeglut\debug\vc140.idb
c:\users\steven\downloads\sample\samplefreeglut\debug\sample.obj
c:\users\steven\downloads\sample\samplefreeglut\debug\sample.vcxprojresolveassemblyreference.cache
c:\users\steven\downloads\sample\samplefreeglut\debug\rcx8059.tmp
c:\users\steven\downloads\sample\samplefreeglut\debug\rcxa0e6.tmp
c:\users\steven\downloads\sample\samplefreeglut\debug\rcxa184.tmp
c:\users\steven\downloads\sample\samplefreeglut\debug\cl.command.1.tlog
c:\users\steven\downloads\sample\samplefreeglut\debug\cl.read.1.tlog
c:\users\steven\downloads\sample\samplefreeglut\debug\cl.write.1.tlog
c:\users\steven\downloads\sample\samplefreeglut\debug\link.command.1.tlog
c:\users\steven\downloads\sample\samplefreeglut\debug\link.read.1.tlog
c:\users\steven\downloads\sample\samplefreeglut\debug\link.write.1.tlog
c:\users\steven\downloads\sample\samplefreeglut\debug\mt.command.1.tlog
c:\users\steven\downloads\sample\samplefreeglut\debug\mt.read.1.tlog
c:\users\steven\downloads\sample\samplefreeglut\debug\mt.write.1.tlog
c:\users\steven\downloads\sample\samplefreeglut\debug\sample.write.1.tlog
c:\users\steven\downloads\sample\samplefreeglut\debug\sample.exe.intermediate.manifest
c:\users\steven\downloads\sample\samplefreeglut\debug\sample.pch
c:\users\steven\downloads\sample\samplefreeglut\debug\vc100.idb
c:\users\steven\downloads\sample\samplefreeglut\debug\vc60.idb
c:\users\steven\downloads\sample\samplefreeglut\debug\vc70.idb
c:\users\steven\downloads\sample\samplefreeglut\debug\vc80.idb
c:\users\steven\downloads\sample\samplefreeglut\debug\vc90.idb
c:\users\steven\downloads\sample\samplefreeglut\debug\sample.pdb
c:\users\steven\downloads\sample\samplefreeglut\debug\vc100.pdb
c:\users\steven\downloads\sample\samplefreeglut\debug\vc70.pdb
c:\users\steven\downloads\sample\samplefreeglut\debug\vc80.pdb
c:\users\steven\downloads\sample\samplefreeglut\debug\vc90.pdb
c:\users\steven\downloads\sample\samplefreeglut\.\debug\sample.exe.intermediate.manifest
c:\users\steven\downloads\sample\samplefreeglut\debug\sample.tlog\cl.command.1.tlog
c:\users\steven\downloads\sample\samplefreeglut\debug\sample.tlog\cl.read.1.tlog
c:\users\steven\downloads\sample\samplefreeglut\debug\sample.tlog\cl.write.1.tlog
c:\users\steven\downloads\sample\samplefreeglut\debug\sample.tlog\link-cvtres.read.1.tlog
c:\users\steven\downloads\sample\samplefreeglut\debug\sample.tlog\link-cvtres.write.1.tlog
c:\users\steven\downloads\sample\samplefreeglut\debug\sample.tlog\link-rc.read.1.tlog
c:\users\steven\downloads\sample\samplefreeglut\debug\sample.tlog\link-rc.write.1.tlog
c:\users\steven\downloads\sample\samplefreeglut\debug\sample.tlog\link.command.1.tlog
c:\users\steven\downloads\sample\samplefreeglut\debug\sample.tlog\link.read.1.tlog
c:\users\steven\downloads\sample\samplefreeglut\debug\sample.tlog\link.write.1.tlog
